[debug] [2023-11-10T07:07:25.025Z] ----------------------------------------------------------------------
[debug] [2023-11-10T07:07:25.029Z] Command:       C:\Program Files\nodejs\node.exe C:\Users\Yolanda Tebeni\AppData\Roaming\npm\node_modules\firebase-tools\lib\bin\firebase.js init
[debug] [2023-11-10T07:07:25.029Z] CLI Version:   12.8.1
[debug] [2023-11-10T07:07:25.030Z] Platform:      win32
[debug] [2023-11-10T07:07:25.031Z] Node Version:  v18.16.1
[debug] [2023-11-10T07:07:25.032Z] Time:          Fri Nov 10 2023 09:07:25 GMT+0200 (South Africa Standard Time)
[debug] [2023-11-10T07:07:25.032Z] ----------------------------------------------------------------------
[debug] 
[debug] [2023-11-10T07:07:25.036Z] >>> [apiv2][query] GET https://firebase-public.firebaseio.com/cli.json [none]
[debug] [2023-11-10T07:07:25.097Z] > command requires scopes: ["email","openid","https://www.googleapis.com/auth/cloudplatformprojects.readonly","https://www.googleapis.com/auth/firebase","https://www.googleapis.com/auth/cloud-platform"]
[debug] [2023-11-10T07:07:25.098Z] > authorizing via signed-in user (nonkululeko.tebeni@younglings.africa)
[info] 
     ######## #### ########  ######## ########     ###     ######  ########
     ##        ##  ##     ## ##       ##     ##  ##   ##  ##       ##
     ######    ##  ########  ######   ########  #########  ######  ######
     ##        ##  ##    ##  ##       ##     ## ##     ##       ## ##
     ##       #### ##     ## ######## ########  ##     ##  ######  ########

You're about to initialize a Firebase project in this directory:

  C:\Users\Yolanda Tebeni\Desktop\TaskMasterHub\my-app

[debug] [2023-11-10T07:07:25.945Z] <<< [apiv2][status] GET https://firebase-public.firebaseio.com/cli.json 200
[debug] [2023-11-10T07:07:25.945Z] <<< [apiv2][body] GET https://firebase-public.firebaseio.com/cli.json {"cloudBuildErrorAfter":1594252800000,"cloudBuildWarnAfter":1590019200000,"defaultNode10After":1594252800000,"minVersion":"3.0.5","node8DeploysDisabledAfter":1613390400000,"node8RuntimeDisabledAfter":1615809600000,"node8WarnAfter":1600128000000}
